     1                                  nasm; hello.asm
     1          ******************       warning: label alone on a line without a colon might be in error [-w+label-orphan]
     2                                  SECTION .data 				; Начало секции данных
     3 00000000 D0BCD0B0D0BAD181D0-     	hello: DB 'максимиано герра',10 	; 'Hello world!' плюс 
     3 00000009 B8D0BCD0B8D0B0D0BD-
     3 00000012 D0BE20D0B3D0B5D180-
     3 0000001B D180D0B00A         
     4                                  					; символ перевода строки
     5                                  	helloLen: EQU $-hello 		; Длина строки hello
     6                                  SECTION .text 		; Начало секции кода
     7                                  	GLOBAL _start
     8                                  	_start: 	; Точка входа в программу
     9 00000000 B804000000              	mov eax,4 	; Системный вызов для записи (sys_write)
    10 00000005 BB01000000              	mov ebx,1 	; Описатель файла '1' - стандартный вывод
    11 0000000A B9[00000000]            	mov ecx,hello 	; Адрес строки hello в ecx
    12 0000000F BA20000000              	mov edx,helloLen ; Размер строки hello
    13 00000014 CD80                    	int 80h 	; Вызов ядра
    14 00000016 B801000000              	mov eax,1 	; Системный вызов для выхода (sys_exit)
    15 0000001B BB00000000              	mov ebx,0 	; Выход с кодом возврата '0' (без ошибок)
    16 00000020 CD80                    	int 80h 	; Вызов ядра
